Unity Editor version:    2021.3.8f1 (b30333d56e81)
Branch:                  2021.3/staging
Build type:              Release
Batch mode:              YES
macOS version:           Version 10.14.6 (Build 18G103)
Darwin version:          18.7.0
Architecture:            x86_64
Running under Rosetta:   NO
Available memory:        16384 MB
Using pre-set license
Pro License: YES

COMMAND LINE ARGUMENTS:
/Applications/Unity/Hub/Editor/2021.3.8f1/Unity.app/Contents/MacOS/Unity
-adb2
-batchMode
-noUpm
-name
AssetImportWorker0
-projectPath
/Users/aleksej/Documents/GitHub/TrapRoom3dGame/Game
-logFile
Logs/AssetImportWorker0.log
-srvPort
64458
Successfully changed project path to: /Users/aleksej/Documents/GitHub/TrapRoom3dGame/Game
/Users/aleksej/Documents/GitHub/TrapRoom3dGame/Game
[UnityMemory] Configuration Parameters - Can be set up in boot.config
    "memorysetup-bucket-allocator-granularity=16"
    "memorysetup-bucket-allocator-bucket-count=8"
    "memorysetup-bucket-allocator-block-size=33554432"
    "memorysetup-bucket-allocator-block-count=8"
    "memorysetup-main-allocator-block-size=16777216"
    "memorysetup-thread-allocator-block-size=16777216"
    "memorysetup-gfx-main-allocator-block-size=16777216"
    "memorysetup-gfx-thread-allocator-block-size=16777216"
    "memorysetup-cache-allocator-block-size=4194304"
    "memorysetup-typetree-allocator-block-size=2097152"
    "memorysetup-profiler-bucket-allocator-granularity=16"
    "memorysetup-profiler-bucket-allocator-bucket-count=8"
    "memorysetup-profiler-bucket-allocator-block-size=33554432"
    "memorysetup-profiler-bucket-allocator-block-count=8"
    "memorysetup-profiler-allocator-block-size=16777216"
    "memorysetup-profiler-editor-allocator-block-size=1048576"
    "memorysetup-temp-allocator-size-main=16777216"
    "memorysetup-job-temp-allocator-block-size=2097152"
    "memorysetup-job-temp-allocator-block-size-background=1048576"
    "memorysetup-job-temp-allocator-reduction-small-platforms=262144"
    "memorysetup-temp-allocator-size-background-worker=32768"
    "memorysetup-temp-allocator-size-job-worker=262144"
    "memorysetup-temp-allocator-size-preload-manager=33554432"
    "memorysetup-temp-allocator-size-nav-mesh-worker=65536"
    "memorysetup-temp-allocator-size-audio-worker=65536"
    "memorysetup-temp-allocator-size-cloud-worker=32768"
    "memorysetup-temp-allocator-size-gi-baking-worker=262144"
    "memorysetup-temp-allocator-size-gfx=262144"
Refreshing native plugins compatible for Editor in 196.56 ms, found 2 plugins.
Preloading 0 native plugins for Editor in 0.00 ms.
Initialize engine version: 2021.3.8f1 (b30333d56e81)
[Subsystems] Discovering subsystems at path /Applications/Unity/Hub/Editor/2021.3.8f1/Unity.app/Contents/Resources/UnitySubsystems
[Subsystems] Discovering subsystems at path /Users/aleksej/Documents/GitHub/TrapRoom3dGame/Game/Assets
GfxDevice: creating device client; threaded=0; jobified=0
HP 24w preferred device: AMD Radeon Pro 450 (high power)
Metal devices available: 2
0: AMD Radeon Pro 450 (high power)
1: Intel(R) HD Graphics 530 (low power)
Using device AMD Radeon Pro 450 (high power)
Initializing Metal device caps: AMD Radeon Pro 450
Initialize mono
Mono path[0] = '/Applications/Unity/Hub/Editor/2021.3.8f1/Unity.app/Contents/Managed'
Mono path[1] = '/Applications/Unity/Hub/Editor/2021.3.8f1/Unity.app/Contents/MonoBleedingEdge/lib/mono/unityjit-macos'
Mono config path = '/Applications/Unity/Hub/Editor/2021.3.8f1/Unity.app/Contents/MonoBleedingEdge/etc'
Using monoOptions --debugger-agent=transport=dt_socket,embedding=1,server=y,suspend=n,address=127.0.0.1:56465
Begin MonoManager ReloadAssembly
Registering precompiled unity dll's ...
Register platform support module: /Applications/Unity/Hub/Editor/2021.3.8f1/Unity.app/Contents/PlaybackEngines/MacStandaloneSupport/UnityEditor.OSXStandalone.Extensions.dll
Registered in 0.000803 seconds.
Native extension for OSXStandalone target not found
Refreshing native plugins compatible for Editor in 184.59 ms, found 2 plugins.
Preloading 0 native plugins for Editor in 0.00 ms.
Mono: successfully reloaded assembly
- Completed reload, in  1.117 seconds
Domain Reload Profiling:
	ReloadAssembly (1117ms)
		BeginReloadAssembly (99ms)
			ExecutionOrderSort (0ms)
			DisableScriptedObjects (0ms)
			BackupInstance (0ms)
			ReleaseScriptingObjects (0ms)
			CreateAndSetChildDomain (1ms)
		EndReloadAssembly (834ms)
			LoadAssemblies (98ms)
			RebuildTransferFunctionScriptingTraits (0ms)
			SetupTypeCache (212ms)
			ReleaseScriptCaches (0ms)
			RebuildScriptCaches (51ms)
			SetupLoadedEditorAssemblies (488ms)
				LogAssemblyErrors (0ms)
				InitializePlatformSupportModulesInManaged (9ms)
				SetLoadedEditorAssemblies (0ms)
				RefreshPlugins (185ms)
				BeforeProcessingInitializeOnLoad (2ms)
				ProcessInitializeOnLoadAttributes (217ms)
				ProcessInitializeOnLoadMethodAttributes (75ms)
				AfterProcessingInitializeOnLoad (0ms)
				EditorAssembliesLoaded (0ms)
			ExecutionOrderSort2 (0ms)
			AwakeInstancesAfterBackupRestoration (0ms)
Platform modules already initialized, skipping
Registering precompiled user dll's ...
Registered in 0.006077 seconds.
Begin MonoManager ReloadAssembly
Symbol file LoadedFromMemory doesn't match image /Users/aleksej/Documents/GitHub/TrapRoom3dGame/Game/Library/PackageCache/com.unity.visualscripting@1.7.8/Editor/VisualScripting.Core/Dependencies/YamlDotNet/Unity.VisualScripting.YamlDotNet.dll
Symbol file LoadedFromMemory doesn't match image /Users/aleksej/Documents/GitHub/TrapRoom3dGame/Game/Library/PackageCache/com.unity.visualscripting@1.7.8/Editor/VisualScripting.Core/Dependencies/DotNetZip/Unity.VisualScripting.IonicZip.dll
Native extension for OSXStandalone target not found
Refreshing native plugins compatible for Editor in 175.84 ms, found 2 plugins.
Preloading 0 native plugins for Editor in 0.00 ms.
Mono: successfully reloaded assembly
- Completed reload, in  2.183 seconds
Domain Reload Profiling:
	ReloadAssembly (2184ms)
		BeginReloadAssembly (149ms)
			ExecutionOrderSort (0ms)
			DisableScriptedObjects (8ms)
			BackupInstance (0ms)
			ReleaseScriptingObjects (0ms)
			CreateAndSetChildDomain (42ms)
		EndReloadAssembly (1843ms)
			LoadAssemblies (111ms)
			RebuildTransferFunctionScriptingTraits (0ms)
			SetupTypeCache (566ms)
			ReleaseScriptCaches (1ms)
			RebuildScriptCaches (114ms)
			SetupLoadedEditorAssemblies (976ms)
				LogAssemblyErrors (0ms)
				InitializePlatformSupportModulesInManaged (4ms)
				SetLoadedEditorAssemblies (0ms)
				RefreshPlugins (176ms)
				BeforeProcessingInitializeOnLoad (166ms)
				ProcessInitializeOnLoadAttributes (516ms)
				ProcessInitializeOnLoadMethodAttributes (112ms)
				AfterProcessingInitializeOnLoad (1ms)
				EditorAssembliesLoaded (0ms)
			ExecutionOrderSort2 (0ms)
			AwakeInstancesAfterBackupRestoration (5ms)
Platform modules already initialized, skipping
========================================================================
Worker process is ready to serve import requests
Launching external process: /Applications/Unity/Hub/Editor/2021.3.8f1/Unity.app/Contents/Tools/UnityShaderCompiler
Launched and connected shader compiler UnityShaderCompiler after 0.02 seconds
Refreshing native plugins compatible for Editor in 1.22 ms, found 2 plugins.
Preloading 0 native plugins for Editor in 0.00 ms.
Unloading 6066 Unused Serialized files (Serialized files now loaded: 0)
Unloading 66 unused Assets / (1.2 MB). Loaded Objects now: 6505.
Memory consumption went from 389.1 MB to 387.9 MB.
Total: 6.300347 ms (FindLiveObjects: 0.613086 ms CreateObjectMapping: 0.558353 ms MarkObjects: 4.438563 ms  DeleteObjects: 0.689046 ms)

AssetImportParameters requested are different than current active one (requested -> active):
  custom:video-decoder-ogg-theora: a1e56fd34408186e4bbccfd4996cb3dc -> 
  custom:container-muxer-webm: aa71ff27fc2769a1b78a27578f13a17b -> 
  custom:container-demuxer-webm: 4f35f7cbe854078d1ac9338744f61a02 -> 
  custom:video-encoder-webm-vp8: eb34c28f22e8b96e1ab97ce403110664 -> 
  custom:framework-osx-AVFoundation: b23960f63f64bdc6ff669e2cdcee2391 -> 
  custom:audio-encoder-webm-vorbis: bf7c407c2cedff20999df2af8eb42d56 -> 
  custom:container-demuxer-ogg: 62fdf1f143b41e24485cea50d1cbac27 -> 
  custom:video-decoder-webm-vp8: 9c59270c3fd7afecdb556c50c9e8de78 -> 
  custom:audio-decoder-ogg-vorbis: bf7c407c2cedff20999df2af8eb42d56 -> 
========================================================================
Received Import Request.
  Time since last request: 170918.474076 seconds.
  path: Assets/YughuesFreeMetalMaterials/Materials/Textures/T_12_Specular.tga
  artifactKey: Guid(d72611aa5c8088f4eb634a6f1178acd5) Importer(815301076,1909f56bfc062723c751e8b465ee728b)
Start importing Assets/YughuesFreeMetalMaterials/Materials/Textures/T_12_Specular.tga using Guid(d72611aa5c8088f4eb634a6f1178acd5) Importer(815301076,1909f56bfc062723c751e8b465ee728b)  -> (artifact id: 'e7da5a253f3dab1b61ea69c8802620a1') in 0.620644 seconds 
========================================================================
Received Import Request.
  Time since last request: 0.000213 seconds.
  path: Assets/YughuesFreeMetalMaterials/Materials/Textures/T_19_Diffuse.tga
  artifactKey: Guid(ef882f7a63423bf4896b9f58e236acf9) Importer(815301076,1909f56bfc062723c751e8b465ee728b)
Start importing Assets/YughuesFreeMetalMaterials/Materials/Textures/T_19_Diffuse.tga using Guid(ef882f7a63423bf4896b9f58e236acf9) Importer(815301076,1909f56bfc062723c751e8b465ee728b)  -> (artifact id: 'f2b5598face425b17d23a6a6022cdaee') in 0.017439 seconds 
========================================================================
Received Import Request.
  Time since last request: 0.000088 seconds.
  path: Assets/YughuesFreeMetalMaterials/Materials/Textures/T_16_Specular.tga
  artifactKey: Guid(b4745deb35e7f4a42a3a9da87633930e) Importer(815301076,1909f56bfc062723c751e8b465ee728b)
Start importing Assets/YughuesFreeMetalMaterials/Materials/Textures/T_16_Specular.tga using Guid(b4745deb35e7f4a42a3a9da87633930e) Importer(815301076,1909f56bfc062723c751e8b465ee728b)  -> (artifact id: '6dd21a394bb97f4763e08e92661dcd4e') in 0.022749 seconds 
========================================================================
Received Import Request.
  Time since last request: 0.000059 seconds.
  path: Assets/YughuesFreeMetalMaterials/Materials/Textures/T_15_Specular.tga
  artifactKey: Guid(ac2f27c4fb9eb8640bf13f478c6b89ee) Importer(815301076,1909f56bfc062723c751e8b465ee728b)
Start importing Assets/YughuesFreeMetalMaterials/Materials/Textures/T_15_Specular.tga using Guid(ac2f27c4fb9eb8640bf13f478c6b89ee) Importer(815301076,1909f56bfc062723c751e8b465ee728b)  -> (artifact id: 'f675349ef74ad0540d03ee217d254ca9') in 0.026105 seconds 
========================================================================
Received Import Request.
  Time since last request: 0.000072 seconds.
  path: Assets/YughuesFreeMetalMaterials/Materials/Textures/T_11_Specular.tga
  artifactKey: Guid(26a5a819f3afd984ea4658c19842fc91) Importer(815301076,1909f56bfc062723c751e8b465ee728b)
Start importing Assets/YughuesFreeMetalMaterials/Materials/Textures/T_11_Specular.tga using Guid(26a5a819f3afd984ea4658c19842fc91) Importer(815301076,1909f56bfc062723c751e8b465ee728b)  -> (artifact id: 'be7639f11aede7ff2b49cf8b7e40c109') in 0.020798 seconds 
========================================================================
Received Import Request.
  Time since last request: 0.000060 seconds.
  path: Assets/YughuesFreeMetalMaterials/Materials/Textures/T_10_Specular.tga
  artifactKey: Guid(03dd414d6373d4e458121278ae3a91e5) Importer(815301076,1909f56bfc062723c751e8b465ee728b)
Start importing Assets/YughuesFreeMetalMaterials/Materials/Textures/T_10_Specular.tga using Guid(03dd414d6373d4e458121278ae3a91e5) Importer(815301076,1909f56bfc062723c751e8b465ee728b)  -> (artifact id: 'd33248cc2910323351e9c35ff77b200d') in 0.015895 seconds 
========================================================================
Received Import Request.
  Time since last request: 0.000050 seconds.
  path: Assets/YughuesFreeMetalMaterials/Materials/Textures/T_07_Specular.tga
  artifactKey: Guid(b07df3cddf993c54a8a17e64f457b549) Importer(815301076,1909f56bfc062723c751e8b465ee728b)
Start importing Assets/YughuesFreeMetalMaterials/Materials/Textures/T_07_Specular.tga using Guid(b07df3cddf993c54a8a17e64f457b549) Importer(815301076,1909f56bfc062723c751e8b465ee728b)  -> (artifact id: '717fd0a4e44c608be8ecb1189259e7f5') in 0.017793 seconds 
========================================================================
Received Import Request.
  Time since last request: 0.000062 seconds.
  path: Assets/YughuesFreeMetalMaterials/Materials/Textures/T_03_Specular.tga
  artifactKey: Guid(d12195ae4fdaf7a4bbf1c1cc203a8dd9) Importer(815301076,1909f56bfc062723c751e8b465ee728b)
Start importing Assets/YughuesFreeMetalMaterials/Materials/Textures/T_03_Specular.tga using Guid(d12195ae4fdaf7a4bbf1c1cc203a8dd9) Importer(815301076,1909f56bfc062723c751e8b465ee728b)  -> (artifact id: '187532c49ff04f26040b0c921a984784') in 0.029384 seconds 
========================================================================
Received Import Request.
  Time since last request: 0.000083 seconds.
  path: Assets/YughuesFreeMetalMaterials/Materials/Textures/T_08_Specular.tga
  artifactKey: Guid(9e54b7e0308fe894fac37951533a179e) Importer(815301076,1909f56bfc062723c751e8b465ee728b)
Start importing Assets/YughuesFreeMetalMaterials/Materials/Textures/T_08_Specular.tga using Guid(9e54b7e0308fe894fac37951533a179e) Importer(815301076,1909f56bfc062723c751e8b465ee728b)  -> (artifact id: '673090e385ff05f23543ac1747ec4c7d') in 0.016275 seconds 
========================================================================
Received Import Request.
  Time since last request: 0.000083 seconds.
  path: Assets/YughuesFreeMetalMaterials/Materials/Textures/T_14_Specular.tga
  artifactKey: Guid(035c1683361e0bd48b03f41544efc189) Importer(815301076,1909f56bfc062723c751e8b465ee728b)
Start importing Assets/YughuesFreeMetalMaterials/Materials/Textures/T_14_Specular.tga using Guid(035c1683361e0bd48b03f41544efc189) Importer(815301076,1909f56bfc062723c751e8b465ee728b)  -> (artifact id: 'd6facb7ba8598904b4aa579f25b4b5b6') in 0.032566 seconds 
========================================================================
Received Import Request.
  Time since last request: 0.000108 seconds.
  path: Assets/YughuesFreeMetalMaterials/Materials/Textures/T_20_Diffuse.tga
  artifactKey: Guid(87c733e12f51e524d919526b301155bd) Importer(815301076,1909f56bfc062723c751e8b465ee728b)
Start importing Assets/YughuesFreeMetalMaterials/Materials/Textures/T_20_Diffuse.tga using Guid(87c733e12f51e524d919526b301155bd) Importer(815301076,1909f56bfc062723c751e8b465ee728b)  -> (artifact id: 'f2a88b7118822af824698dd4f2639844') in 0.019458 seconds 
========================================================================
Received Import Request.
  Time since last request: 0.000080 seconds.
  path: Assets/YughuesFreeMetalMaterials/Materials/Textures/T_16_Normal.tga
  artifactKey: Guid(ecfcad7bf65ab804786622b7d74a2f95) Importer(815301076,1909f56bfc062723c751e8b465ee728b)
Start importing Assets/YughuesFreeMetalMaterials/Materials/Textures/T_16_Normal.tga using Guid(ecfcad7bf65ab804786622b7d74a2f95) Importer(815301076,1909f56bfc062723c751e8b465ee728b)  -> (artifact id: 'f7ca3f7ea8b4ca2a843d3f8c8a04f576') in 0.065685 seconds 
========================================================================
Received Import Request.
  Time since last request: 0.000061 seconds.
  path: Assets/YughuesFreeMetalMaterials/Materials/Textures/T_02_Diffuse.tga
  artifactKey: Guid(b83cd04fd3669764388c0ad4cc89e7e2) Importer(815301076,1909f56bfc062723c751e8b465ee728b)
Start importing Assets/YughuesFreeMetalMaterials/Materials/Textures/T_02_Diffuse.tga using Guid(b83cd04fd3669764388c0ad4cc89e7e2) Importer(815301076,1909f56bfc062723c751e8b465ee728b)  -> (artifact id: '68456d91e33c6d93a0676e4c2a3c0d0f') in 0.022292 seconds 
========================================================================
Received Import Request.
  Time since last request: 0.000070 seconds.
  path: Assets/YughuesFreeMetalMaterials/Materials/Textures/T_16_Emissive.tga
  artifactKey: Guid(8f9391bcf3b56b4429b45da4c326e808) Importer(815301076,1909f56bfc062723c751e8b465ee728b)
Start importing Assets/YughuesFreeMetalMaterials/Materials/Textures/T_16_Emissive.tga using Guid(8f9391bcf3b56b4429b45da4c326e808) Importer(815301076,1909f56bfc062723c751e8b465ee728b)  -> (artifact id: 'c735cd3a485e465b3dc44b0feaf652c5') in 0.022951 seconds 
========================================================================
Received Import Request.
  Time since last request: 0.000095 seconds.
  path: Assets/YughuesFreeMetalMaterials/Materials/Textures/T_22_Diffuse.tga
  artifactKey: Guid(445cb47871abfa0459e87e16500c10c7) Importer(815301076,1909f56bfc062723c751e8b465ee728b)
Start importing Assets/YughuesFreeMetalMaterials/Materials/Textures/T_22_Diffuse.tga using Guid(445cb47871abfa0459e87e16500c10c7) Importer(815301076,1909f56bfc062723c751e8b465ee728b)  -> (artifact id: 'b67e1b35c1fbfcf08c6d0fcb69256131') in 0.018786 seconds 
========================================================================
Received Import Request.
  Time since last request: 0.000064 seconds.
  path: Assets/YughuesFreeMetalMaterials/Materials/Textures/T_04_Normal.tga
  artifactKey: Guid(c8032c4dd699e8d4d8aa56e703af1483) Importer(815301076,1909f56bfc062723c751e8b465ee728b)
Start importing Assets/YughuesFreeMetalMaterials/Materials/Textures/T_04_Normal.tga using Guid(c8032c4dd699e8d4d8aa56e703af1483) Importer(815301076,1909f56bfc062723c751e8b465ee728b)  -> (artifact id: '7d761fbbc1361977dc71132e77ee306e') in 0.019970 seconds 
========================================================================
Received Import Request.
  Time since last request: 0.000130 seconds.
  path: Assets/YughuesFreeMetalMaterials/Materials/Textures/T_10_Normal.tga
  artifactKey: Guid(e0ceb8567a0394b4f85cb11fdac74d36) Importer(815301076,1909f56bfc062723c751e8b465ee728b)
Start importing Assets/YughuesFreeMetalMaterials/Materials/Textures/T_10_Normal.tga using Guid(e0ceb8567a0394b4f85cb11fdac74d36) Importer(815301076,1909f56bfc062723c751e8b465ee728b)  -> (artifact id: 'e6911decfab6719309168016c9b4bbe7') in 0.021097 seconds 
========================================================================
Received Import Request.
  Time since last request: 0.000062 seconds.
  path: Assets/YughuesFreeMetalMaterials/Materials/Textures/T_01_Diffuse.tga
  artifactKey: Guid(329307f94867b154e8e49be96de7caad) Importer(815301076,1909f56bfc062723c751e8b465ee728b)
Start importing Assets/YughuesFreeMetalMaterials/Materials/Textures/T_01_Diffuse.tga using Guid(329307f94867b154e8e49be96de7caad) Importer(815301076,1909f56bfc062723c751e8b465ee728b)  -> (artifact id: '1a41d6e65bfc949d4a0c4b05932c4db7') in 0.018152 seconds 
========================================================================
Received Import Request.
  Time since last request: 0.000069 seconds.
  path: Assets/YughuesFreeMetalMaterials/Materials/Textures/T_07_Diffuse.tga
  artifactKey: Guid(d0e1b4cdfbad6b348a3f788a993a77d4) Importer(815301076,1909f56bfc062723c751e8b465ee728b)
Start importing Assets/YughuesFreeMetalMaterials/Materials/Textures/T_07_Diffuse.tga using Guid(d0e1b4cdfbad6b348a3f788a993a77d4) Importer(815301076,1909f56bfc062723c751e8b465ee728b)  -> (artifact id: '554c7711eae8cde2718c945f5318d359') in 0.014765 seconds 
========================================================================
Received Import Request.
  Time since last request: 0.000058 seconds.
  path: Assets/YughuesFreeMetalMaterials/Materials/Textures/T_16_Diffuse.tga
  artifactKey: Guid(1730b9de01b2d4542b503f797a18edc1) Importer(815301076,1909f56bfc062723c751e8b465ee728b)
Start importing Assets/YughuesFreeMetalMaterials/Materials/Textures/T_16_Diffuse.tga using Guid(1730b9de01b2d4542b503f797a18edc1) Importer(815301076,1909f56bfc062723c751e8b465ee728b)  -> (artifact id: '4d43b6fba7bae3c0b4a31f7ab8af4da3') in 0.015234 seconds 
========================================================================
Received Import Request.
  Time since last request: 0.000054 seconds.
  path: Assets/YughuesFreeMetalMaterials/Materials/Textures/T_06_Diffuse.tga
  artifactKey: Guid(d94fc41018e782d4baf1afad1b9e60d7) Importer(815301076,1909f56bfc062723c751e8b465ee728b)
Start importing Assets/YughuesFreeMetalMaterials/Materials/Textures/T_06_Diffuse.tga using Guid(d94fc41018e782d4baf1afad1b9e60d7) Importer(815301076,1909f56bfc062723c751e8b465ee728b)  -> (artifact id: 'b8e99871e870a6c44df9d0c94898db5b') in 0.017591 seconds 
========================================================================
Received Import Request.
  Time since last request: 0.000072 seconds.
  path: Assets/YughuesFreeMetalMaterials/Materials/Textures/T_20_Normal.tga
  artifactKey: Guid(0bbf8e810623a7147b33e57b1b821b00) Importer(815301076,1909f56bfc062723c751e8b465ee728b)
Start importing Assets/YughuesFreeMetalMaterials/Materials/Textures/T_20_Normal.tga using Guid(0bbf8e810623a7147b33e57b1b821b00) Importer(815301076,1909f56bfc062723c751e8b465ee728b)  -> (artifact id: '775820990d3b6b4e51c59be213e70667') in 0.017909 seconds 
========================================================================
Received Import Request.
  Time since last request: 0.000065 seconds.
  path: Assets/YughuesFreeMetalMaterials/Materials/Textures/T_24_Normal.tga
  artifactKey: Guid(33416e1c35bc9b148a8bf942e484c86e) Importer(815301076,1909f56bfc062723c751e8b465ee728b)
Start importing Assets/YughuesFreeMetalMaterials/Materials/Textures/T_24_Normal.tga using Guid(33416e1c35bc9b148a8bf942e484c86e) Importer(815301076,1909f56bfc062723c751e8b465ee728b)  -> (artifact id: '0e3ab9a2b8191237d4b45086b0b9a2c8') in 0.016957 seconds 
========================================================================
Received Import Request.
  Time since last request: 0.000063 seconds.
  path: Assets/YughuesFreeMetalMaterials/Materials/Textures/T_11_Diffuse.tga
  artifactKey: Guid(02b2e6db5c6cbc74796f44888a7f1197) Importer(815301076,1909f56bfc062723c751e8b465ee728b)
Start importing Assets/YughuesFreeMetalMaterials/Materials/Textures/T_11_Diffuse.tga using Guid(02b2e6db5c6cbc74796f44888a7f1197) Importer(815301076,1909f56bfc062723c751e8b465ee728b)  -> (artifact id: '1ddb75287a8eb08475ddf889e302baaa') in 0.016625 seconds 
========================================================================
Received Import Request.
  Time since last request: 0.000114 seconds.
  path: Assets/YughuesFreeMetalMaterials/Materials/Textures/T_22_Specular.tga
  artifactKey: Guid(15e885e03e6987540a13c5f25e1e7f4b) Importer(815301076,1909f56bfc062723c751e8b465ee728b)
Start importing Assets/YughuesFreeMetalMaterials/Materials/Textures/T_22_Specular.tga using Guid(15e885e03e6987540a13c5f25e1e7f4b) Importer(815301076,1909f56bfc062723c751e8b465ee728b)  -> (artifact id: 'e7aea8b8f470a4ce54512ab6911e1416') in 0.023674 seconds 
========================================================================
Received Import Request.
  Time since last request: 0.000059 seconds.
  path: Assets/YughuesFreeMetalMaterials/Materials/Textures/T_02_Specular.tga
  artifactKey: Guid(d8b7271fec101a84abbc668382536813) Importer(815301076,1909f56bfc062723c751e8b465ee728b)
Start importing Assets/YughuesFreeMetalMaterials/Materials/Textures/T_02_Specular.tga using Guid(d8b7271fec101a84abbc668382536813) Importer(815301076,1909f56bfc062723c751e8b465ee728b)  -> (artifact id: '7ee5024ba81a7b6a7643611465e59cd9') in 0.016526 seconds 
========================================================================
Received Import Request.
  Time since last request: 0.000061 seconds.
  path: Assets/YughuesFreeMetalMaterials/Materials/Textures/T_20_Specular.tga
  artifactKey: Guid(bb501974d576ad945a07b28c3af045a9) Importer(815301076,1909f56bfc062723c751e8b465ee728b)
Start importing Assets/YughuesFreeMetalMaterials/Materials/Textures/T_20_Specular.tga using Guid(bb501974d576ad945a07b28c3af045a9) Importer(815301076,1909f56bfc062723c751e8b465ee728b)  -> (artifact id: '768afe890958adb22ae0eb78b06e2141') in 0.016011 seconds 
========================================================================
Received Import Request.
  Time since last request: 0.000056 seconds.
  path: Assets/YughuesFreeMetalMaterials/Materials/Textures/T_25_Diffuse.tga
  artifactKey: Guid(cff6b5a878a08e34f9669b5d411e994d) Importer(815301076,1909f56bfc062723c751e8b465ee728b)
Start importing Assets/YughuesFreeMetalMaterials/Materials/Textures/T_25_Diffuse.tga using Guid(cff6b5a878a08e34f9669b5d411e994d) Importer(815301076,1909f56bfc062723c751e8b465ee728b)  -> (artifact id: 'e0de9f84d269fe83fbffdc54ec69c282') in 0.015930 seconds 
========================================================================
Received Import Request.
  Time since last request: 0.000070 seconds.
  path: Assets/YughuesFreeMetalMaterials/Materials/Textures/T_25_Specular.tga
  artifactKey: Guid(bd234f8d2756b7848b2423a3f99231cd) Importer(815301076,1909f56bfc062723c751e8b465ee728b)
Start importing Assets/YughuesFreeMetalMaterials/Materials/Textures/T_25_Specular.tga using Guid(bd234f8d2756b7848b2423a3f99231cd) Importer(815301076,1909f56bfc062723c751e8b465ee728b)  -> (artifact id: 'd3a75d8e28e88a7198d19e72f13efd89') in 0.019826 seconds 
========================================================================
Received Import Request.
  Time since last request: 0.000071 seconds.
  path: Assets/YughuesFreeMetalMaterials/Materials/Textures/T_13_Diffuse.tga
  artifactKey: Guid(33dc51d475a7a4146b3b5d4c45273177) Importer(815301076,1909f56bfc062723c751e8b465ee728b)
Start importing Assets/YughuesFreeMetalMaterials/Materials/Textures/T_13_Diffuse.tga using Guid(33dc51d475a7a4146b3b5d4c45273177) Importer(815301076,1909f56bfc062723c751e8b465ee728b)  -> (artifact id: '0129f3d0b7fbef8f2413d91875854f72') in 0.017132 seconds 
========================================================================
Received Import Request.
  Time since last request: 0.000072 seconds.
  path: Assets/YughuesFreeMetalMaterials/Materials/Textures/T_09_Normal.tga
  artifactKey: Guid(c56ea16fda03e4a429ea043548e66a62) Importer(815301076,1909f56bfc062723c751e8b465ee728b)
Start importing Assets/YughuesFreeMetalMaterials/Materials/Textures/T_09_Normal.tga using Guid(c56ea16fda03e4a429ea043548e66a62) Importer(815301076,1909f56bfc062723c751e8b465ee728b)  -> (artifact id: 'b8074dd6291f0d27faf91d5b6311636d') in 0.018436 seconds 
========================================================================
Received Import Request.
  Time since last request: 0.000056 seconds.
  path: Assets/YughuesFreeMetalMaterials/Materials/Textures/T_10_Diffuse.tga
  artifactKey: Guid(9235f02dfc48e41448cbd353c0a00a8d) Importer(815301076,1909f56bfc062723c751e8b465ee728b)
Start importing Assets/YughuesFreeMetalMaterials/Materials/Textures/T_10_Diffuse.tga using Guid(9235f02dfc48e41448cbd353c0a00a8d) Importer(815301076,1909f56bfc062723c751e8b465ee728b)  -> (artifact id: '0fe3992975f1481342b926b1f2cef044') in 0.024865 seconds 
========================================================================
Received Import Request.
  Time since last request: 0.000069 seconds.
  path: Assets/YughuesFreeMetalMaterials/Materials/Textures/T_18_Specular.tga
  artifactKey: Guid(7ff2b9825ec83cf4e9225113a0b09455) Importer(815301076,1909f56bfc062723c751e8b465ee728b)
Start importing Assets/YughuesFreeMetalMaterials/Materials/Textures/T_18_Specular.tga using Guid(7ff2b9825ec83cf4e9225113a0b09455) Importer(815301076,1909f56bfc062723c751e8b465ee728b)  -> (artifact id: 'aa20eb0428b2a09dfb68730e2aaec429') in 0.021331 seconds 
========================================================================
Received Import Request.
  Time since last request: 0.000070 seconds.
  path: Assets/YughuesFreeMetalMaterials/Materials/Textures/T_21_Diffuse.tga
  artifactKey: Guid(65c44c9418dce2e4e966f8fb196d64db) Importer(815301076,1909f56bfc062723c751e8b465ee728b)
Start importing Assets/YughuesFreeMetalMaterials/Materials/Textures/T_21_Diffuse.tga using Guid(65c44c9418dce2e4e966f8fb196d64db) Importer(815301076,1909f56bfc062723c751e8b465ee728b)  -> (artifact id: 'e9874902e7f3341008027c66dc5bf546') in 0.019968 seconds 
========================================================================
Received Import Request.
  Time since last request: 0.000096 seconds.
  path: Assets/YughuesFreeMetalMaterials/Materials/Textures/T_01_Normal.tga
  artifactKey: Guid(e63efd1ff58b45b4ca71d2571ebe8ea2) Importer(815301076,1909f56bfc062723c751e8b465ee728b)
Start importing Assets/YughuesFreeMetalMaterials/Materials/Textures/T_01_Normal.tga using Guid(e63efd1ff58b45b4ca71d2571ebe8ea2) Importer(815301076,1909f56bfc062723c751e8b465ee728b)  -> (artifact id: '7764bde17d5ef34740060d7b8c16450a') in 0.021180 seconds 
========================================================================
Received Import Request.
  Time since last request: 0.000064 seconds.
  path: Assets/YughuesFreeMetalMaterials/Materials/Textures/T_13_Specular.tga
  artifactKey: Guid(88ea2467daa61a54baba97ff1f4b2625) Importer(815301076,1909f56bfc062723c751e8b465ee728b)
Start importing Assets/YughuesFreeMetalMaterials/Materials/Textures/T_13_Specular.tga using Guid(88ea2467daa61a54baba97ff1f4b2625) Importer(815301076,1909f56bfc062723c751e8b465ee728b)  -> (artifact id: 'f5b93b97f0ef8c11198c137d3c80f62d') in 0.013120 seconds 
========================================================================
Received Import Request.
  Time since last request: 0.000099 seconds.
  path: Assets/YughuesFreeMetalMaterials/Materials/Textures/T_04_Specular.tga
  artifactKey: Guid(5ac21282e11c3a6439d85e1da57f5989) Importer(815301076,1909f56bfc062723c751e8b465ee728b)
Start importing Assets/YughuesFreeMetalMaterials/Materials/Textures/T_04_Specular.tga using Guid(5ac21282e11c3a6439d85e1da57f5989) Importer(815301076,1909f56bfc062723c751e8b465ee728b)  -> (artifact id: 'e3bc6106692102a1db1d893e59f34dca') in 0.018436 seconds 
========================================================================
Received Import Request.
  Time since last request: 0.000082 seconds.
  path: Assets/YughuesFreeMetalMaterials/Materials/Textures/T_23_Normal.tga
  artifactKey: Guid(1fb10c5603038a24abb2ccad745574c6) Importer(815301076,1909f56bfc062723c751e8b465ee728b)
Start importing Assets/YughuesFreeMetalMaterials/Materials/Textures/T_23_Normal.tga using Guid(1fb10c5603038a24abb2ccad745574c6) Importer(815301076,1909f56bfc062723c751e8b465ee728b)  -> (artifact id: '2969c97ced9310538945bf11c71a5aba') in 0.019895 seconds 
========================================================================
Received Import Request.
  Time since last request: 0.000102 seconds.
  path: Assets/YughuesFreeMetalMaterials/Materials/Textures/T_13_Normal.tga
  artifactKey: Guid(85f9003fe1dd73a42a65527724405180) Importer(815301076,1909f56bfc062723c751e8b465ee728b)
Start importing Assets/YughuesFreeMetalMaterials/Materials/Textures/T_13_Normal.tga using Guid(85f9003fe1dd73a42a65527724405180) Importer(815301076,1909f56bfc062723c751e8b465ee728b)  -> (artifact id: 'f1cd9a735caddf049d8100a88ee7f1b0') in 0.020703 seconds 
========================================================================
Received Import Request.
  Time since last request: 0.000075 seconds.
  path: Assets/YughuesFreeMetalMaterials/Materials/Textures/T_02_Normal.tga
  artifactKey: Guid(d4590337a78a04448a1e23b2d41cd1c4) Importer(815301076,1909f56bfc062723c751e8b465ee728b)
Start importing Assets/YughuesFreeMetalMaterials/Materials/Textures/T_02_Normal.tga using Guid(d4590337a78a04448a1e23b2d41cd1c4) Importer(815301076,1909f56bfc062723c751e8b465ee728b)  -> (artifact id: 'c5f78a31e7044ff076e634db57b3b5bb') in 0.020213 seconds 
========================================================================
Received Import Request.
  Time since last request: 9.079338 seconds.
  path: Assets/YughuesFreeMetalMaterials/Materials/Textures/T_27_Diffuse.tga
  artifactKey: Guid(455a6bfeed4785648b13816f37f358e4) Importer(815301076,1909f56bfc062723c751e8b465ee728b)
Start importing Assets/YughuesFreeMetalMaterials/Materials/Textures/T_27_Diffuse.tga using Guid(455a6bfeed4785648b13816f37f358e4) Importer(815301076,1909f56bfc062723c751e8b465ee728b)  -> (artifact id: 'c4794c3009ef64e7355151b670f310a7') in 0.024296 seconds 
========================================================================
Received Import Request.
  Time since last request: 0.000119 seconds.
  path: Assets/YughuesFreeMetalMaterials/Materials/Textures/T_30_Specular.tga
  artifactKey: Guid(a9d5254462ec08c49bfbc9da579a1f13) Importer(815301076,1909f56bfc062723c751e8b465ee728b)
Start importing Assets/YughuesFreeMetalMaterials/Materials/Textures/T_30_Specular.tga using Guid(a9d5254462ec08c49bfbc9da579a1f13) Importer(815301076,1909f56bfc062723c751e8b465ee728b)  -> (artifact id: '05c09df594b9a610fef9b1e309c5f726') in 0.020128 seconds 
========================================================================
Received Import Request.
  Time since last request: 0.000171 seconds.
  path: Assets/YughuesFreeMetalMaterials/Materials/Textures/T_28_Normal.tga
  artifactKey: Guid(295f3d524574d1c46b83457cc0c64f78) Importer(815301076,1909f56bfc062723c751e8b465ee728b)
Start importing Assets/YughuesFreeMetalMaterials/Materials/Textures/T_28_Normal.tga using Guid(295f3d524574d1c46b83457cc0c64f78) Importer(815301076,1909f56bfc062723c751e8b465ee728b)  -> (artifact id: '36832135c57b31586e4f325229ecf8d3') in 0.016887 seconds 
========================================================================
Received Import Request.
  Time since last request: 0.000084 seconds.
  path: Assets/YughuesFreeMetalMaterials/Materials/Textures/T_30_Diffuse.tga
  artifactKey: Guid(6612a81492f80c143801fcb059874cea) Importer(815301076,1909f56bfc062723c751e8b465ee728b)
Start importing Assets/YughuesFreeMetalMaterials/Materials/Textures/T_30_Diffuse.tga using Guid(6612a81492f80c143801fcb059874cea) Importer(815301076,1909f56bfc062723c751e8b465ee728b)  -> (artifact id: '095c989e43c51256c3389bbe354599f9') in 0.014782 seconds 
========================================================================
Received Import Request.
  Time since last request: 0.000060 seconds.
  path: Assets/YughuesFreeMetalMaterials/Materials/Textures/T_31_Diffuse.tga
  artifactKey: Guid(45327f0d326c97f4f884bf345d710f7e) Importer(815301076,1909f56bfc062723c751e8b465ee728b)
Start importing Assets/YughuesFreeMetalMaterials/Materials/Textures/T_31_Diffuse.tga using Guid(45327f0d326c97f4f884bf345d710f7e) Importer(815301076,1909f56bfc062723c751e8b465ee728b)  -> (artifact id: '10089ac8843af7f2760a29321fb9a282') in 0.017101 seconds 
========================================================================
Received Import Request.
  Time since last request: 0.000069 seconds.
  path: Assets/YughuesFreeMetalMaterials/Materials/Textures/T_28_Specular.tga
  artifactKey: Guid(d86c80ae03435124fbf96fd0e9882016) Importer(815301076,1909f56bfc062723c751e8b465ee728b)
Start importing Assets/YughuesFreeMetalMaterials/Materials/Textures/T_28_Specular.tga using Guid(d86c80ae03435124fbf96fd0e9882016) Importer(815301076,1909f56bfc062723c751e8b465ee728b)  -> (artifact id: 'f7d208caa385587d0106e5890c8bd954') in 0.014770 seconds 
========================================================================
Received Import Request.
  Time since last request: 0.000053 seconds.
  path: Assets/YughuesFreeMetalMaterials/Materials/Textures/T_31_Normal.tga
  artifactKey: Guid(79a144edbc721134e96d8c6b78287024) Importer(815301076,1909f56bfc062723c751e8b465ee728b)
Start importing Assets/YughuesFreeMetalMaterials/Materials/Textures/T_31_Normal.tga using Guid(79a144edbc721134e96d8c6b78287024) Importer(815301076,1909f56bfc062723c751e8b465ee728b)  -> (artifact id: '923c9fabe526b5296ae84ea08bdb5473') in 0.027580 seconds 
========================================================================
Received Import Request.
  Time since last request: 0.000076 seconds.
  path: Assets/YughuesFreeMetalMaterials/Materials/Textures/T_29_Specular.tga
  artifactKey: Guid(e4302bec91d4bb647bc25b8b81f9a9fc) Importer(815301076,1909f56bfc062723c751e8b465ee728b)
Start importing Assets/YughuesFreeMetalMaterials/Materials/Textures/T_29_Specular.tga using Guid(e4302bec91d4bb647bc25b8b81f9a9fc) Importer(815301076,1909f56bfc062723c751e8b465ee728b)  -> (artifact id: 'dcfa930ec5b7dd595505fb2492391aa8') in 0.016285 seconds 
========================================================================
Received Import Request.
  Time since last request: 3.079833 seconds.
  path: Assets/YughuesFreeMetalMaterials/Materials/Textures/T_32_Normal.tga
  artifactKey: Guid(2c1a4f21c19d4044eb1a16365b2ee5c2) Importer(815301076,1909f56bfc062723c751e8b465ee728b)
Start importing Assets/YughuesFreeMetalMaterials/Materials/Textures/T_32_Normal.tga using Guid(2c1a4f21c19d4044eb1a16365b2ee5c2) Importer(815301076,1909f56bfc062723c751e8b465ee728b)  -> (artifact id: '6635051ec683a448738c68f2009377c3') in 0.033300 seconds 
========================================================================
Received Import Request.
  Time since last request: 0.000094 seconds.
  path: Assets/YughuesFreeMetalMaterials/Materials/Textures/T_37_Diffuse.tga
  artifactKey: Guid(464a455c600e8a045bf4b7a3175e0c73) Importer(815301076,1909f56bfc062723c751e8b465ee728b)
Start importing Assets/YughuesFreeMetalMaterials/Materials/Textures/T_37_Diffuse.tga using Guid(464a455c600e8a045bf4b7a3175e0c73) Importer(815301076,1909f56bfc062723c751e8b465ee728b)  -> (artifact id: '907f8a8e4e3806e62f4fea816b69e55f') in 0.023717 seconds 
========================================================================
Received Import Request.
  Time since last request: 0.000076 seconds.
  path: Assets/YughuesFreeMetalMaterials/Materials/Textures/T_42_Specular.tga
  artifactKey: Guid(b75eeacb25d0bf147b73f6f7d50387a4) Importer(815301076,1909f56bfc062723c751e8b465ee728b)
Start importing Assets/YughuesFreeMetalMaterials/Materials/Textures/T_42_Specular.tga using Guid(b75eeacb25d0bf147b73f6f7d50387a4) Importer(815301076,1909f56bfc062723c751e8b465ee728b)  -> (artifact id: '214a6fca11556649f16340abc5d3ab4f') in 0.019688 seconds 
========================================================================
Received Import Request.
  Time since last request: 0.000065 seconds.
  path: Assets/YughuesFreeMetalMaterials/Materials/Textures/T_36_Specular.tga
  artifactKey: Guid(f0227a91a3a34cf459bf745bb80cc352) Importer(815301076,1909f56bfc062723c751e8b465ee728b)
Start importing Assets/YughuesFreeMetalMaterials/Materials/Textures/T_36_Specular.tga using Guid(f0227a91a3a34cf459bf745bb80cc352) Importer(815301076,1909f56bfc062723c751e8b465ee728b)  -> (artifact id: '4cdc6eff45ad23518dfe71c14ab4bdf4') in 0.016738 seconds 
========================================================================
Received Import Request.
  Time since last request: 0.000062 seconds.
  path: Assets/YughuesFreeMetalMaterials/Materials/Textures/T_44_Specular.tga
  artifactKey: Guid(54fc8c0a3aa3da9479ee01e94328e9c7) Importer(815301076,1909f56bfc062723c751e8b465ee728b)
Start importing Assets/YughuesFreeMetalMaterials/Materials/Textures/T_44_Specular.tga using Guid(54fc8c0a3aa3da9479ee01e94328e9c7) Importer(815301076,1909f56bfc062723c751e8b465ee728b)  -> (artifact id: 'ce624024e76460c6acb17c262fee0742') in 0.016346 seconds 
========================================================================
Received Import Request.
  Time since last request: 0.000094 seconds.
  path: Assets/YughuesFreeMetalMaterials/Materials/Textures/T_35_Diffuse.tga
  artifactKey: Guid(7c1d65d497687d64c9db74501b19ccf8) Importer(815301076,1909f56bfc062723c751e8b465ee728b)
Start importing Assets/YughuesFreeMetalMaterials/Materials/Textures/T_35_Diffuse.tga using Guid(7c1d65d497687d64c9db74501b19ccf8) Importer(815301076,1909f56bfc062723c751e8b465ee728b)  -> (artifact id: 'd0b6672af520f47148aebac0c9c4a73b') in 0.015011 seconds 
========================================================================
Received Import Request.
  Time since last request: 0.000083 seconds.
  path: Assets/YughuesFreeMetalMaterials/Materials/Textures/T_33_Normal.tga
  artifactKey: Guid(6efa5bd4c9b0d8a4c98eb99feafec635) Importer(815301076,1909f56bfc062723c751e8b465ee728b)
Start importing Assets/YughuesFreeMetalMaterials/Materials/Textures/T_33_Normal.tga using Guid(6efa5bd4c9b0d8a4c98eb99feafec635) Importer(815301076,1909f56bfc062723c751e8b465ee728b)  -> (artifact id: '6daac17ba53379b0134568818277954a') in 0.017316 seconds 
========================================================================
Received Import Request.
  Time since last request: 0.000091 seconds.
  path: Assets/YughuesFreeMetalMaterials/Materials/Textures/T_49_Normal.tga
  artifactKey: Guid(886470e3c92595d489978d2be0311d41) Importer(815301076,1909f56bfc062723c751e8b465ee728b)
Start importing Assets/YughuesFreeMetalMaterials/Materials/Textures/T_49_Normal.tga using Guid(886470e3c92595d489978d2be0311d41) Importer(815301076,1909f56bfc062723c751e8b465ee728b)  -> (artifact id: 'fd1eff030ad661853112655e1d168f6d') in 0.016677 seconds 
========================================================================
Received Import Request.
  Time since last request: 0.000057 seconds.
  path: Assets/YughuesFreeMetalMaterials/Materials/Textures/T_37_Specular.tga
  artifactKey: Guid(0182e461824e4f54798ad0a99fdd7f72) Importer(815301076,1909f56bfc062723c751e8b465ee728b)
Start importing Assets/YughuesFreeMetalMaterials/Materials/Textures/T_37_Specular.tga using Guid(0182e461824e4f54798ad0a99fdd7f72) Importer(815301076,1909f56bfc062723c751e8b465ee728b)  -> (artifact id: '3d4e09dab11183dcc097ca67bb655d15') in 0.020078 seconds 
========================================================================
Received Import Request.
  Time since last request: 0.000149 seconds.
  path: Assets/YughuesFreeMetalMaterials/Materials/Textures/T_35_Normal.tga
  artifactKey: Guid(47559ced24a29b9428ba59951a3b02bc) Importer(815301076,1909f56bfc062723c751e8b465ee728b)
Start importing Assets/YughuesFreeMetalMaterials/Materials/Textures/T_35_Normal.tga using Guid(47559ced24a29b9428ba59951a3b02bc) Importer(815301076,1909f56bfc062723c751e8b465ee728b)  -> (artifact id: 'bb0a9306ea61ea5c792065eba6ff5d79') in 0.016277 seconds 
========================================================================
Received Import Request.
  Time since last request: 0.000073 seconds.
  path: Assets/YughuesFreeMetalMaterials/Materials/Textures/T_40_Specular.tga
  artifactKey: Guid(ee3155f5d3a484044953d855fd5f0843) Importer(815301076,1909f56bfc062723c751e8b465ee728b)
Start importing Assets/YughuesFreeMetalMaterials/Materials/Textures/T_40_Specular.tga using Guid(ee3155f5d3a484044953d855fd5f0843) Importer(815301076,1909f56bfc062723c751e8b465ee728b)  -> (artifact id: '31ec8d62fd2a5ec9e27a9ed57e0d7eac') in 0.019757 seconds 
========================================================================
Received Import Request.
  Time since last request: 0.000075 seconds.
  path: Assets/YughuesFreeMetalMaterials/Materials/Textures/T_38_Specular.tga
  artifactKey: Guid(31da0e9d4e721be4ca16edb93d39a93d) Importer(815301076,1909f56bfc062723c751e8b465ee728b)
Start importing Assets/YughuesFreeMetalMaterials/Materials/Textures/T_38_Specular.tga using Guid(31da0e9d4e721be4ca16edb93d39a93d) Importer(815301076,1909f56bfc062723c751e8b465ee728b)  -> (artifact id: 'c352ed79b20eecd1ced0afc65d2bf54f') in 0.014488 seconds 
========================================================================
Received Import Request.
  Time since last request: 0.000069 seconds.
  path: Assets/YughuesFreeMetalMaterials/Materials/Textures/T_33_Diffuse.tga
  artifactKey: Guid(3616af53dd0659648b71cb468bf03d44) Importer(815301076,1909f56bfc062723c751e8b465ee728b)
Start importing Assets/YughuesFreeMetalMaterials/Materials/Textures/T_33_Diffuse.tga using Guid(3616af53dd0659648b71cb468bf03d44) Importer(815301076,1909f56bfc062723c751e8b465ee728b)  -> (artifact id: 'fb0953c4f18d2a41793a3bdb52209f3c') in 0.015417 seconds 
========================================================================
Received Import Request.
  Time since last request: 0.000072 seconds.
  path: Assets/YughuesFreeMetalMaterials/Materials/Textures/T_36_Diffuse.tga
  artifactKey: Guid(048117a1d65d06446b690db21b8598e1) Importer(815301076,1909f56bfc062723c751e8b465ee728b)
Start importing Assets/YughuesFreeMetalMaterials/Materials/Textures/T_36_Diffuse.tga using Guid(048117a1d65d06446b690db21b8598e1) Importer(815301076,1909f56bfc062723c751e8b465ee728b)  -> (artifact id: '09f6c4de46d68e0468781f20469c31c5') in 0.020406 seconds 
========================================================================
Received Import Request.
  Time since last request: 0.000140 seconds.
  path: Assets/YughuesFreeMetalMaterials/Materials/Textures/T_49_Diffuse.tga
  artifactKey: Guid(6809d5b885a2c084c8f85c4afbf126c6) Importer(815301076,1909f56bfc062723c751e8b465ee728b)
Start importing Assets/YughuesFreeMetalMaterials/Materials/Textures/T_49_Diffuse.tga using Guid(6809d5b885a2c084c8f85c4afbf126c6) Importer(815301076,1909f56bfc062723c751e8b465ee728b)  -> (artifact id: '490fb921e965059b7f149f9d6020a240') in 0.014472 seconds 
========================================================================
Received Import Request.
  Time since last request: 0.000063 seconds.
  path: Assets/YughuesFreeMetalMaterials/Materials/Textures/T_39_Specular.tga
  artifactKey: Guid(f2a8ab14dca00204884e746b5744858a) Importer(815301076,1909f56bfc062723c751e8b465ee728b)
Start importing Assets/YughuesFreeMetalMaterials/Materials/Textures/T_39_Specular.tga using Guid(f2a8ab14dca00204884e746b5744858a) Importer(815301076,1909f56bfc062723c751e8b465ee728b)  -> (artifact id: 'a0e38362c7adbebc6e06a12bc598efe8') in 0.016138 seconds 
========================================================================
Received Import Request.
  Time since last request: 0.000060 seconds.
  path: Assets/YughuesFreeMetalMaterials/Materials/Textures/T_41_Normal.tga
  artifactKey: Guid(d9dbacc028e656049949af84c56a4e64) Importer(815301076,1909f56bfc062723c751e8b465ee728b)
Start importing Assets/YughuesFreeMetalMaterials/Materials/Textures/T_41_Normal.tga using Guid(d9dbacc028e656049949af84c56a4e64) Importer(815301076,1909f56bfc062723c751e8b465ee728b)  -> (artifact id: '8f3e3d388629056c5b02f1880128da50') in 0.026876 seconds 
========================================================================
Received Import Request.
  Time since last request: 0.000104 seconds.
  path: Assets/YughuesFreeMetalMaterials/Materials/Textures/T_43_Diffuse.tga
  artifactKey: Guid(61bdf41cb49a71748920f36a147e455f) Importer(815301076,1909f56bfc062723c751e8b465ee728b)
Start importing Assets/YughuesFreeMetalMaterials/Materials/Textures/T_43_Diffuse.tga using Guid(61bdf41cb49a71748920f36a147e455f) Importer(815301076,1909f56bfc062723c751e8b465ee728b)  -> (artifact id: 'b99265ec0098d7c5a7ac1f6bd3b5928d') in 0.014094 seconds 
========================================================================
Received Import Request.
  Time since last request: 0.000065 seconds.
  path: Assets/YughuesFreeMetalMaterials/Materials/Textures/T_45_Normal.tga
  artifactKey: Guid(f9469f3b93a01a24c99b79f7d7ac025d) Importer(815301076,1909f56bfc062723c751e8b465ee728b)
Start importing Assets/YughuesFreeMetalMaterials/Materials/Textures/T_45_Normal.tga using Guid(f9469f3b93a01a24c99b79f7d7ac025d) Importer(815301076,1909f56bfc062723c751e8b465ee728b)  -> (artifact id: '0584a2c19b9c43db9f9bfb2786b95d56') in 0.022217 seconds 
========================================================================
Received Import Request.
  Time since last request: 0.000062 seconds.
  path: Assets/YughuesFreeMetalMaterials/Materials/Textures/T_47_Normal.tga
  artifactKey: Guid(28cd040c14026b94aba3d3d6ec7addfb) Importer(815301076,1909f56bfc062723c751e8b465ee728b)
Start importing Assets/YughuesFreeMetalMaterials/Materials/Textures/T_47_Normal.tga using Guid(28cd040c14026b94aba3d3d6ec7addfb) Importer(815301076,1909f56bfc062723c751e8b465ee728b)  -> (artifact id: 'e8007903bc9c43edaaaefff0edd002eb') in 0.023265 seconds 
========================================================================
Received Import Request.
  Time since last request: 0.000047 seconds.
  path: Assets/YughuesFreeMetalMaterials/Materials/Textures/T_39_Diffuse.tga
  artifactKey: Guid(858edb10117ddc24a805151cb8bb53ff) Importer(815301076,1909f56bfc062723c751e8b465ee728b)
Start importing Assets/YughuesFreeMetalMaterials/Materials/Textures/T_39_Diffuse.tga using Guid(858edb10117ddc24a805151cb8bb53ff) Importer(815301076,1909f56bfc062723c751e8b465ee728b)  -> (artifact id: 'ff7be4a548f4eeac8154e3dbe4fd83fd') in 0.015936 seconds 
========================================================================
Received Import Request.
  Time since last request: 0.000080 seconds.
  path: Assets/YughuesFreeMetalMaterials/Materials/Textures/T_48_Specular.tga
  artifactKey: Guid(e9bce6c95f36f1e4ea73c08b2a6165e3) Importer(815301076,1909f56bfc062723c751e8b465ee728b)
Start importing Assets/YughuesFreeMetalMaterials/Materials/Textures/T_48_Specular.tga using Guid(e9bce6c95f36f1e4ea73c08b2a6165e3) Importer(815301076,1909f56bfc062723c751e8b465ee728b)  -> (artifact id: '51853e24e4e5a64529e4dbc8bba17733') in 0.021608 seconds 
========================================================================
Received Import Request.
  Time since last request: 0.000067 seconds.
  path: Assets/YughuesFreeMetalMaterials/Materials/Textures/T_40_Diffuse.tga
  artifactKey: Guid(7291e3e19509b2e46a6f452a104360f6) Importer(815301076,1909f56bfc062723c751e8b465ee728b)
Start importing Assets/YughuesFreeMetalMaterials/Materials/Textures/T_40_Diffuse.tga using Guid(7291e3e19509b2e46a6f452a104360f6) Importer(815301076,1909f56bfc062723c751e8b465ee728b)  -> (artifact id: '1ecb220dfffe193e6c91b7be5dece564') in 0.019462 seconds 
========================================================================
Received Import Request.
  Time since last request: 0.000084 seconds.
  path: Assets/YughuesFreeMetalMaterials/Materials/Textures/T_40_Normal.tga
  artifactKey: Guid(0641f934232d8914ea2e2479cf4c0939) Importer(815301076,1909f56bfc062723c751e8b465ee728b)
Start importing Assets/YughuesFreeMetalMaterials/Materials/Textures/T_40_Normal.tga using Guid(0641f934232d8914ea2e2479cf4c0939) Importer(815301076,1909f56bfc062723c751e8b465ee728b)  -> (artifact id: 'b2393b13287960bb11c0b9a833911a4f') in 0.016211 seconds 
========================================================================
Received Import Request.
  Time since last request: 0.000061 seconds.
  path: Assets/YughuesFreeMetalMaterials/Materials/Textures/T_42_Normal.tga
  artifactKey: Guid(493af587c9e82b147946bdb27bfaaafd) Importer(815301076,1909f56bfc062723c751e8b465ee728b)
Start importing Assets/YughuesFreeMetalMaterials/Materials/Textures/T_42_Normal.tga using Guid(493af587c9e82b147946bdb27bfaaafd) Importer(815301076,1909f56bfc062723c751e8b465ee728b)  -> (artifact id: '0ff7567b2bda9c6e7560064714b549a0') in 0.021281 seconds 
========================================================================
Received Import Request.
  Time since last request: 0.000071 seconds.
  path: Assets/YughuesFreeMetalMaterials/Materials/Textures/T_39_Normal.tga
  artifactKey: Guid(5a896725211d8bb4396e6539cb2ab3b4) Importer(815301076,1909f56bfc062723c751e8b465ee728b)
Start importing Assets/YughuesFreeMetalMaterials/Materials/Textures/T_39_Normal.tga using Guid(5a896725211d8bb4396e6539cb2ab3b4) Importer(815301076,1909f56bfc062723c751e8b465ee728b)  -> (artifact id: '47119bae2ecd611e7f25f1ba49d7036b') in 0.015802 seconds 
========================================================================
Received Import Request.
  Time since last request: 0.000064 seconds.
  path: Assets/YughuesFreeMetalMaterials/Materials/Textures/T_41_Specular.tga
  artifactKey: Guid(05f26edba3a3bc34d938d1de68119378) Importer(815301076,1909f56bfc062723c751e8b465ee728b)
Start importing Assets/YughuesFreeMetalMaterials/Materials/Textures/T_41_Specular.tga using Guid(05f26edba3a3bc34d938d1de68119378) Importer(815301076,1909f56bfc062723c751e8b465ee728b)  -> (artifact id: '2d7db8ec78873a9ba08e731c5c694978') in 0.024354 seconds 
